2021-09-27 18:48:03,638 [1] INFO Microsoft.Hosting.Lifetime - Application started. Press Ctrl+C to shut down.
2021-09-27 18:48:03,714 [1] INFO Microsoft.Hosting.Lifetime - Application started. Press Ctrl+C to shut down.
2021-09-27 18:48:03,723 [1] INFO Microsoft.Hosting.Lifetime - Hosting environment: Development
2021-09-27 18:48:03,724 [1] INFO Microsoft.Hosting.Lifetime - Hosting environment: Development
2021-09-27 18:48:03,733 [1] INFO Microsoft.Hosting.Lifetime - Content root path: C:\Users\msahi\source\repos\OnlineBookStore\OnlineBookStore.API
2021-09-27 18:48:03,733 [1] INFO Microsoft.Hosting.Lifetime - Content root path: C:\Users\msahi\source\repos\OnlineBookStore\OnlineBookStore.API
2021-09-27 18:48:05,879 [10] INFO OnlineBookStore.API.Controllers.UserController - Fetching all users data
2021-09-27 18:48:05,881 [10] INFO OnlineBookStore.API.Controllers.UserController - Fetching all users data
2021-09-27 19:57:29,865 [1] INFO Microsoft.Hosting.Lifetime - Application started. Press Ctrl+C to shut down.
2021-09-27 19:57:31,037 [1] INFO Microsoft.Hosting.Lifetime - Application started. Press Ctrl+C to shut down.
2021-09-27 19:57:31,061 [1] INFO Microsoft.Hosting.Lifetime - Hosting environment: Development
2021-09-27 19:57:31,062 [1] INFO Microsoft.Hosting.Lifetime - Hosting environment: Development
2021-09-27 19:57:31,069 [1] INFO Microsoft.Hosting.Lifetime - Content root path: C:\Users\msahi\source\repos\OnlineBookStore\OnlineBookStore.API
2021-09-27 19:57:31,069 [1] INFO Microsoft.Hosting.Lifetime - Content root path: C:\Users\msahi\source\repos\OnlineBookStore\OnlineBookStore.API
2021-09-27 19:57:44,578 [7] INFO OnlineBookStore.API.Controllers.UserController - Start : Fetching all users data
2021-09-27 19:57:44,578 [7] INFO OnlineBookStore.API.Controllers.UserController - Start : Fetching all users data
2021-09-27 19:58:11,960 [7] INFO OnlineBookStore.API.Controllers.UserController - End : Successfully Fetched all users data
2021-09-27 19:58:11,961 [7] INFO OnlineBookStore.API.Controllers.UserController - End : Successfully Fetched all users data
2021-09-27 20:02:42,639 [14] INFO OnlineBookStore.API.Controllers.UserController - Start : Adding users data of :
2021-09-27 20:02:42,639 [14] INFO OnlineBookStore.API.Controllers.UserController - Start : Adding users data of :
2021-09-27 20:02:45,238 [14] INFO OnlineBookStore.API.Controllers.UserController - End :  Successfully added user data
2021-09-27 20:02:45,239 [14] INFO OnlineBookStore.API.Controllers.UserController - End :  Successfully added user data
2021-09-27 20:02:57,216 [21] INFO OnlineBookStore.API.Controllers.AuthController - Start: fetching Data from email and password and validating them for authorization
2021-09-27 20:02:57,218 [21] INFO OnlineBookStore.API.Controllers.AuthController - Start: fetching Data from email and password and validating them for authorization
2021-09-27 20:02:57,450 [21] INFO OnlineBookStore.API.Controllers.AuthController - Checking any user present or not by email and password povided by user
2021-09-27 20:02:57,451 [21] INFO OnlineBookStore.API.Controllers.AuthController - Checking any user present or not by email and password povided by user
2021-09-27 20:02:57,761 [21] ERROR OnlineBookStore.API.Controllers.AuthController - Authorization Failed !! Invalid EmailId /Password
2021-09-27 20:02:57,761 [21] ERROR OnlineBookStore.API.Controllers.AuthController - Authorization Failed !! Invalid EmailId /Password
2021-09-27 20:03:03,523 [14] INFO OnlineBookStore.API.Controllers.AuthController - Start: fetching Data from email and password and validating them for authorization
2021-09-27 20:03:03,524 [14] INFO OnlineBookStore.API.Controllers.AuthController - Start: fetching Data from email and password and validating them for authorization
2021-09-27 20:03:03,536 [14] INFO OnlineBookStore.API.Controllers.AuthController - Checking any user present or not by email and password povided by user
2021-09-27 20:03:03,536 [14] INFO OnlineBookStore.API.Controllers.AuthController - Checking any user present or not by email and password povided by user
2021-09-27 20:03:03,540 [14] INFO OnlineBookStore.API.Controllers.AuthController - JWT Handler starts.......
2021-09-27 20:03:03,540 [14] INFO OnlineBookStore.API.Controllers.AuthController - JWT Handler starts.......
2021-09-27 20:03:03,581 [14] INFO OnlineBookStore.API.Controllers.AuthController - jsonwebtoken generated succesfully
2021-09-27 20:03:03,582 [14] INFO OnlineBookStore.API.Controllers.AuthController - jsonwebtoken generated succesfully
2021-09-27 20:03:03,648 [14] INFO OnlineBookStore.API.Controllers.AuthController - End : Providing User JWT Token
2021-09-27 20:03:03,648 [14] INFO OnlineBookStore.API.Controllers.AuthController - End : Providing User JWT Token
2021-09-27 20:03:05,256 [18] INFO OnlineBookStore.API.Controllers.BookController - Start: Fetching All book data for displaying in home page
2021-09-27 20:03:05,257 [18] INFO OnlineBookStore.API.Controllers.BookController - Start: Fetching All book data for displaying in home page
2021-09-27 20:03:07,171 [18] INFO OnlineBookStore.API.Controllers.BookController - End : Successfully fetched all the book data
2021-09-27 20:03:07,172 [18] INFO OnlineBookStore.API.Controllers.BookController - End : Successfully fetched all the book data
2021-09-27 20:03:39,870 [28] INFO OnlineBookStore.API.Controllers.BookController - Start: Fetching  book by id
2021-09-27 20:03:39,870 [28] INFO OnlineBookStore.API.Controllers.BookController - Start: Fetching  book by id
2021-09-27 20:03:40,025 [28] INFO OnlineBookStore.API.Controllers.BookController - End : Successfully fetched  book by id
2021-09-27 20:03:40,025 [28] INFO OnlineBookStore.API.Controllers.BookController - End : Successfully fetched  book by id
2021-09-27 20:03:47,454 [30] INFO OnlineBookStore.API.Controllers.BookController - Start: Adding book review in the database using patch http method
2021-09-27 20:03:47,455 [30] INFO OnlineBookStore.API.Controllers.BookController - Start: Adding book review in the database using patch http method
2021-09-27 20:03:47,621 [30] INFO OnlineBookStore.API.Controllers.BookController - End: Successfully added book review
2021-09-27 20:03:47,621 [30] INFO OnlineBookStore.API.Controllers.BookController - End: Successfully added book review
2021-09-27 20:03:52,546 [26] INFO OnlineBookStore.API.Controllers.CartController - Start: Adding cart data of an user
2021-09-27 20:03:52,547 [26] INFO OnlineBookStore.API.Controllers.CartController - Start: Adding cart data of an user
2021-09-27 20:03:52,758 [26] INFO OnlineBookStore.API.Controllers.CartController - End : Successfully added cart data
2021-09-27 20:03:52,758 [26] INFO OnlineBookStore.API.Controllers.CartController - End : Successfully added cart data
2021-09-27 20:03:55,728 [27] INFO OnlineBookStore.API.Controllers.OrderController - Start : Adding order Data to the Database
2021-09-27 20:03:55,729 [27] INFO OnlineBookStore.API.Controllers.OrderController - Start : Adding order Data to the Database
2021-09-27 20:03:55,986 [27] INFO OnlineBookStore.API.Controllers.OrderController - End : Successfully added order Data to the Database
2021-09-27 20:03:55,987 [27] INFO OnlineBookStore.API.Controllers.OrderController - End : Successfully added order Data to the Database
2021-09-27 20:03:59,528 [30] INFO OnlineBookStore.API.Controllers.BookController - Start: Fetching All book data for displaying in home page
2021-09-27 20:03:59,531 [30] INFO OnlineBookStore.API.Controllers.BookController - Start: Fetching All book data for displaying in home page
2021-09-27 20:03:59,562 [30] INFO OnlineBookStore.API.Controllers.BookController - End : Successfully fetched all the book data
2021-09-27 20:03:59,566 [30] INFO OnlineBookStore.API.Controllers.BookController - End : Successfully fetched all the book data
2021-09-27 20:04:03,794 [30] INFO OnlineBookStore.API.Controllers.BookController - Start: Fetching  book by id
2021-09-27 20:04:03,796 [30] INFO OnlineBookStore.API.Controllers.BookController - Start: Fetching  book by id
2021-09-27 20:04:03,824 [30] INFO OnlineBookStore.API.Controllers.BookController - End : Successfully fetched  book by id
2021-09-27 20:04:03,824 [30] INFO OnlineBookStore.API.Controllers.BookController - End : Successfully fetched  book by id
2021-09-27 20:04:08,790 [28] INFO OnlineBookStore.API.Controllers.CartController - Start: Adding cart data of an user
2021-09-27 20:04:08,791 [28] INFO OnlineBookStore.API.Controllers.CartController - Start: Adding cart data of an user
2021-09-27 20:04:08,892 [28] INFO OnlineBookStore.API.Controllers.CartController - End : Successfully added cart data
2021-09-27 20:04:08,893 [28] INFO OnlineBookStore.API.Controllers.CartController - End : Successfully added cart data
2021-09-27 20:04:11,035 [28] INFO OnlineBookStore.API.Controllers.BookController - Start: Fetching All book data for displaying in home page
2021-09-27 20:04:11,037 [28] INFO OnlineBookStore.API.Controllers.BookController - Start: Fetching All book data for displaying in home page
2021-09-27 20:04:11,048 [28] INFO OnlineBookStore.API.Controllers.BookController - End : Successfully fetched all the book data
2021-09-27 20:04:11,048 [28] INFO OnlineBookStore.API.Controllers.BookController - End : Successfully fetched all the book data
2021-09-27 20:04:12,815 [30] INFO OnlineBookStore.API.Controllers.BookController - Start: Fetching  book data by categories like bestseller,latest and trending books
2021-09-27 20:04:12,816 [30] INFO OnlineBookStore.API.Controllers.BookController - Start: Fetching  book data by categories like bestseller,latest and trending books
2021-09-27 20:04:12,863 [30] INFO OnlineBookStore.API.Controllers.BookController - End : Successfully fetched  book by category
2021-09-27 20:04:12,864 [30] INFO OnlineBookStore.API.Controllers.BookController - End : Successfully fetched  book by category
2021-09-27 20:04:13,123 [30] WARN Microsoft.EntityFrameworkCore.Query - The query uses a row limiting operator ('Skip'/'Take') without an 'OrderBy' operator. This may lead to unpredictable results.
2021-09-27 20:04:13,123 [30] WARN Microsoft.EntityFrameworkCore.Query - The query uses a row limiting operator ('Skip'/'Take') without an 'OrderBy' operator. This may lead to unpredictable results.
2021-09-27 20:04:13,311 [30] WARN Microsoft.EntityFrameworkCore.Query - The query uses a row limiting operator ('Skip'/'Take') without an 'OrderBy' operator. This may lead to unpredictable results.
2021-09-27 20:04:13,312 [30] WARN Microsoft.EntityFrameworkCore.Query - The query uses a row limiting operator ('Skip'/'Take') without an 'OrderBy' operator. This may lead to unpredictable results.
2021-09-27 20:04:20,201 [26] INFO OnlineBookStore.API.Controllers.CartController - Start: Fetching  cart data by id
2021-09-27 20:04:20,202 [26] INFO OnlineBookStore.API.Controllers.CartController - Start: Fetching  cart data by id
2021-09-27 20:04:20,240 [26] INFO OnlineBookStore.API.Controllers.CartController - End : Successfully fetched cart data by id
2021-09-27 20:04:20,240 [26] INFO OnlineBookStore.API.Controllers.CartController - End : Successfully fetched cart data by id
2021-09-27 20:04:27,025 [26] INFO OnlineBookStore.API.Controllers.CartController - Start: Deleted cart data of an user by cartid
2021-09-27 20:04:27,025 [26] INFO OnlineBookStore.API.Controllers.CartController - Start: Deleted cart data of an user by cartid
2021-09-27 20:04:27,354 [26] INFO OnlineBookStore.API.Controllers.CartController - End : Successfully deleted cart data
2021-09-27 20:04:27,354 [26] INFO OnlineBookStore.API.Controllers.CartController - End : Successfully deleted cart data
2021-09-27 20:04:27,399 [13] INFO OnlineBookStore.API.Controllers.CartController - Start: Fetching  cart data by id
2021-09-27 20:04:27,399 [13] INFO OnlineBookStore.API.Controllers.CartController - Start: Fetching  cart data by id
2021-09-27 20:04:27,504 [13] INFO OnlineBookStore.API.Controllers.CartController - End : Successfully fetched cart data by id
2021-09-27 20:04:27,504 [13] INFO OnlineBookStore.API.Controllers.CartController - End : Successfully fetched cart data by id
2021-09-27 20:05:42,813 [13] INFO OnlineBookStore.API.Controllers.BookController - Start: Adding  book in the database
2021-09-27 20:05:42,814 [13] INFO OnlineBookStore.API.Controllers.BookController - Start: Adding  book in the database
2021-09-27 20:05:43,542 [13] INFO OnlineBookStore.API.Controllers.BookController - End: Successfully added  book by id
2021-09-27 20:05:43,543 [13] INFO OnlineBookStore.API.Controllers.BookController - End: Successfully added  book by id
2021-09-27 20:05:46,558 [13] INFO OnlineBookStore.API.Controllers.BookController - Start: Fetching All book data for displaying in home page
2021-09-27 20:05:46,559 [13] INFO OnlineBookStore.API.Controllers.BookController - Start: Fetching All book data for displaying in home page
2021-09-27 20:05:46,574 [13] INFO OnlineBookStore.API.Controllers.BookController - End : Successfully fetched all the book data
2021-09-27 20:05:46,574 [13] INFO OnlineBookStore.API.Controllers.BookController - End : Successfully fetched all the book data
2021-09-27 20:05:49,871 [30] INFO OnlineBookStore.API.Controllers.BookController - Start: Fetching  book by id
2021-09-27 20:05:49,872 [30] INFO OnlineBookStore.API.Controllers.BookController - Start: Fetching  book by id
2021-09-27 20:05:49,886 [30] INFO OnlineBookStore.API.Controllers.BookController - End : Successfully fetched  book by id
2021-09-27 20:05:49,886 [30] INFO OnlineBookStore.API.Controllers.BookController - End : Successfully fetched  book by id
2021-09-27 20:05:55,576 [30] INFO OnlineBookStore.API.Controllers.CartController - Start: Adding cart data of an user
2021-09-27 20:05:55,577 [30] INFO OnlineBookStore.API.Controllers.CartController - Start: Adding cart data of an user
2021-09-27 20:05:55,593 [30] INFO OnlineBookStore.API.Controllers.CartController - End : Successfully added cart data
2021-09-27 20:05:55,593 [30] INFO OnlineBookStore.API.Controllers.CartController - End : Successfully added cart data
2021-09-27 20:05:59,172 [32] INFO OnlineBookStore.API.Controllers.BookController - Start: Fetching All book data for displaying in home page
2021-09-27 20:05:59,173 [32] INFO OnlineBookStore.API.Controllers.BookController - Start: Fetching All book data for displaying in home page
2021-09-27 20:05:59,191 [32] INFO OnlineBookStore.API.Controllers.BookController - End : Successfully fetched all the book data
2021-09-27 20:05:59,191 [32] INFO OnlineBookStore.API.Controllers.BookController - End : Successfully fetched all the book data
2021-09-27 20:06:00,894 [30] INFO OnlineBookStore.API.Controllers.BookController - Start: Fetching  book data by categories like bestseller,latest and trending books
2021-09-27 20:06:00,894 [30] INFO OnlineBookStore.API.Controllers.BookController - Start: Fetching  book data by categories like bestseller,latest and trending books
2021-09-27 20:06:00,899 [30] INFO OnlineBookStore.API.Controllers.BookController - End : Successfully fetched  book by category
2021-09-27 20:06:00,899 [30] INFO OnlineBookStore.API.Controllers.BookController - End : Successfully fetched  book by category
2021-09-27 20:06:05,642 [27] INFO OnlineBookStore.API.Controllers.CartController - Start: Fetching  cart data by id
2021-09-27 20:06:05,643 [27] INFO OnlineBookStore.API.Controllers.CartController - Start: Fetching  cart data by id
2021-09-27 20:06:05,665 [27] INFO OnlineBookStore.API.Controllers.CartController - End : Successfully fetched cart data by id
2021-09-27 20:06:05,665 [27] INFO OnlineBookStore.API.Controllers.CartController - End : Successfully fetched cart data by id
2021-09-27 20:06:31,965 [20] INFO OnlineBookStore.API.Controllers.UserController - Start : Fetching all users data
2021-09-27 20:06:31,965 [20] INFO OnlineBookStore.API.Controllers.UserController - Start : Fetching all users data
2021-09-27 20:06:31,976 [20] INFO OnlineBookStore.API.Controllers.UserController - End : Successfully Fetched all users data
2021-09-27 20:06:31,976 [20] INFO OnlineBookStore.API.Controllers.UserController - End : Successfully Fetched all users data
2021-09-27 20:06:50,288 [21] INFO OnlineBookStore.API.Controllers.UserController - Start : Updating Password of an user using http patch method
2021-09-27 20:06:50,288 [21] INFO OnlineBookStore.API.Controllers.UserController - Start : Updating Password of an user using http patch method
2021-09-27 20:06:50,569 [21] INFO OnlineBookStore.API.Controllers.UserController - End : Updating Password of an user using http patch method
2021-09-27 20:06:50,569 [21] INFO OnlineBookStore.API.Controllers.UserController - End : Updating Password of an user using http patch method
2021-09-27 20:14:47,645 [1] INFO Microsoft.Hosting.Lifetime - Application started. Press Ctrl+C to shut down.
2021-09-27 20:14:47,781 [1] INFO Microsoft.Hosting.Lifetime - Application started. Press Ctrl+C to shut down.
2021-09-27 20:14:47,798 [1] INFO Microsoft.Hosting.Lifetime - Hosting environment: Development
2021-09-27 20:14:47,798 [1] INFO Microsoft.Hosting.Lifetime - Hosting environment: Development
2021-09-27 20:14:47,804 [1] INFO Microsoft.Hosting.Lifetime - Content root path: C:\Users\msahi\source\repos\OnlineBookStore\OnlineBookStore.API
2021-09-27 20:14:47,804 [1] INFO Microsoft.Hosting.Lifetime - Content root path: C:\Users\msahi\source\repos\OnlineBookStore\OnlineBookStore.API
2021-09-27 20:14:52,524 [4] INFO OnlineBookStore.API.Controllers.UserController - Start : Fetching all users data
2021-09-27 20:14:52,526 [4] INFO OnlineBookStore.API.Controllers.UserController - Start : Fetching all users data
2021-09-27 20:15:01,352 [4] INFO OnlineBookStore.API.Controllers.UserController - End : Successfully Fetched all users data
2021-09-27 20:15:01,354 [4] INFO OnlineBookStore.API.Controllers.UserController - End : Successfully Fetched all users data
2021-09-27 20:16:13,800 [8] INFO OnlineBookStore.API.Controllers.AuthController - Start: fetching Data from email and password and validating them for authorization
2021-09-27 20:16:13,800 [8] INFO OnlineBookStore.API.Controllers.AuthController - Start: fetching Data from email and password and validating them for authorization
2021-09-27 20:16:14,682 [8] INFO OnlineBookStore.API.Controllers.AuthController - Checking any user present or not by email and password povided by user
2021-09-27 20:16:14,682 [8] INFO OnlineBookStore.API.Controllers.AuthController - Checking any user present or not by email and password povided by user
2021-09-27 20:16:14,684 [8] INFO OnlineBookStore.API.Controllers.AuthController - JWT Handler starts.......
2021-09-27 20:16:14,685 [8] INFO OnlineBookStore.API.Controllers.AuthController - JWT Handler starts.......
2021-09-27 20:16:14,907 [8] INFO OnlineBookStore.API.Controllers.AuthController - jsonwebtoken generated succesfully
2021-09-27 20:16:14,907 [8] INFO OnlineBookStore.API.Controllers.AuthController - jsonwebtoken generated succesfully
2021-09-27 20:16:15,196 [8] INFO OnlineBookStore.API.Controllers.AuthController - End : Providing User JWT Token
2021-09-27 20:16:15,196 [8] INFO OnlineBookStore.API.Controllers.AuthController - End : Providing User JWT Token
2021-09-27 20:16:16,329 [12] INFO OnlineBookStore.API.Controllers.BookController - Start: Fetching All book data for displaying in home page
2021-09-27 20:16:16,330 [12] INFO OnlineBookStore.API.Controllers.BookController - Start: Fetching All book data for displaying in home page
2021-09-27 20:16:16,703 [12] INFO OnlineBookStore.API.Controllers.BookController - End : Successfully fetched all the book data
2021-09-27 20:16:16,704 [12] INFO OnlineBookStore.API.Controllers.BookController - End : Successfully fetched all the book data
2021-09-27 20:16:18,101 [5] INFO OnlineBookStore.API.Controllers.CartController - Start: Fetching  cart data by id
2021-09-27 20:16:18,102 [5] INFO OnlineBookStore.API.Controllers.CartController - Start: Fetching  cart data by id
2021-09-27 20:16:18,221 [5] INFO OnlineBookStore.API.Controllers.CartController - End : Successfully fetched cart data by id
2021-09-27 20:16:18,221 [5] INFO OnlineBookStore.API.Controllers.CartController - End : Successfully fetched cart data by id
2021-09-27 20:16:19,530 [8] INFO OnlineBookStore.API.Controllers.BookController - Start: Fetching All book data for displaying in home page
2021-09-27 20:16:19,545 [8] INFO OnlineBookStore.API.Controllers.BookController - Start: Fetching All book data for displaying in home page
2021-09-27 20:16:19,556 [8] INFO OnlineBookStore.API.Controllers.BookController - End : Successfully fetched all the book data
2021-09-27 20:16:19,556 [8] INFO OnlineBookStore.API.Controllers.BookController - End : Successfully fetched all the book data
2021-09-27 20:16:21,150 [13] INFO OnlineBookStore.API.Controllers.BookController - Start: Fetching  book by id
2021-09-27 20:16:21,151 [13] INFO OnlineBookStore.API.Controllers.BookController - Start: Fetching  book by id
2021-09-27 20:16:21,281 [13] INFO OnlineBookStore.API.Controllers.BookController - End : Successfully fetched  book by id
2021-09-27 20:16:21,282 [13] INFO OnlineBookStore.API.Controllers.BookController - End : Successfully fetched  book by id
2021-09-27 20:16:23,404 [12] INFO OnlineBookStore.API.Controllers.CartController - Start: Adding cart data of an user
2021-09-27 20:16:23,405 [12] INFO OnlineBookStore.API.Controllers.CartController - Start: Adding cart data of an user
2021-09-27 20:16:24,085 [12] INFO OnlineBookStore.API.Controllers.CartController - End : Successfully added cart data
2021-09-27 20:16:24,086 [12] INFO OnlineBookStore.API.Controllers.CartController - End : Successfully added cart data
2021-09-27 20:16:26,349 [11] INFO OnlineBookStore.API.Controllers.BookController - Start: Fetching All book data for displaying in home page
2021-09-27 20:16:26,349 [11] INFO OnlineBookStore.API.Controllers.BookController - Start: Fetching All book data for displaying in home page
2021-09-27 20:16:26,397 [11] INFO OnlineBookStore.API.Controllers.BookController - End : Successfully fetched all the book data
2021-09-27 20:16:26,398 [11] INFO OnlineBookStore.API.Controllers.BookController - End : Successfully fetched all the book data
2021-09-27 20:16:28,578 [8] INFO OnlineBookStore.API.Controllers.BookController - Start: Fetching  book by id
2021-09-27 20:16:28,579 [8] INFO OnlineBookStore.API.Controllers.BookController - Start: Fetching  book by id
2021-09-27 20:16:28,625 [8] INFO OnlineBookStore.API.Controllers.BookController - End : Successfully fetched  book by id
2021-09-27 20:16:28,625 [8] INFO OnlineBookStore.API.Controllers.BookController - End : Successfully fetched  book by id
2021-09-27 20:16:33,192 [12] INFO OnlineBookStore.API.Controllers.CartController - Start: Adding cart data of an user
2021-09-27 20:16:33,193 [12] INFO OnlineBookStore.API.Controllers.CartController - Start: Adding cart data of an user
2021-09-27 20:16:33,247 [12] INFO OnlineBookStore.API.Controllers.CartController - End : Successfully added cart data
2021-09-27 20:16:33,248 [12] INFO OnlineBookStore.API.Controllers.CartController - End : Successfully added cart data
2021-09-27 20:16:34,412 [14] INFO OnlineBookStore.API.Controllers.BookController - Start: Fetching All book data for displaying in home page
2021-09-27 20:16:34,412 [14] INFO OnlineBookStore.API.Controllers.BookController - Start: Fetching All book data for displaying in home page
2021-09-27 20:16:34,433 [14] INFO OnlineBookStore.API.Controllers.BookController - End : Successfully fetched all the book data
2021-09-27 20:16:34,433 [14] INFO OnlineBookStore.API.Controllers.BookController - End : Successfully fetched all the book data
2021-09-27 20:16:35,950 [12] INFO OnlineBookStore.API.Controllers.CartController - Start: Fetching  cart data by id
2021-09-27 20:16:35,951 [12] INFO OnlineBookStore.API.Controllers.CartController - Start: Fetching  cart data by id
2021-09-27 20:16:35,971 [12] INFO OnlineBookStore.API.Controllers.CartController - End : Successfully fetched cart data by id
2021-09-27 20:16:35,972 [12] INFO OnlineBookStore.API.Controllers.CartController - End : Successfully fetched cart data by id
2021-09-27 20:17:51,270 [8] INFO OnlineBookStore.API.Controllers.CartController - Start: Deleted cart data of an user by cartid
2021-09-27 20:17:51,271 [8] INFO OnlineBookStore.API.Controllers.CartController - Start: Deleted cart data of an user by cartid
2021-09-27 20:18:23,824 [8] INFO OnlineBookStore.API.Controllers.CartController - End : Successfully deleted cart data
2021-09-27 20:18:23,830 [8] INFO OnlineBookStore.API.Controllers.CartController - End : Successfully deleted cart data
2021-09-27 20:18:24,772 [27] INFO OnlineBookStore.API.Controllers.CartController - Start: Fetching  cart data by id
2021-09-27 20:18:24,773 [27] INFO OnlineBookStore.API.Controllers.CartController - Start: Fetching  cart data by id
2021-09-27 20:18:24,805 [27] INFO OnlineBookStore.API.Controllers.CartController - End : Successfully fetched cart data by id
2021-09-27 20:18:24,805 [27] INFO OnlineBookStore.API.Controllers.CartController - End : Successfully fetched cart data by id
2021-09-27 20:18:47,717 [8] INFO OnlineBookStore.API.Controllers.CartController - Start: Fetching  cart data by id
2021-09-27 20:18:47,718 [8] INFO OnlineBookStore.API.Controllers.CartController - Start: Fetching  cart data by id
2021-09-27 20:18:47,744 [8] INFO OnlineBookStore.API.Controllers.CartController - End : Successfully fetched cart data by id
2021-09-27 20:18:47,744 [8] INFO OnlineBookStore.API.Controllers.CartController - End : Successfully fetched cart data by id
2021-09-29 12:14:51,512 [1] INFO Microsoft.Hosting.Lifetime - Application started. Press Ctrl+C to shut down.
2021-09-29 12:14:51,773 [1] INFO Microsoft.Hosting.Lifetime - Application started. Press Ctrl+C to shut down.
2021-09-29 12:14:51,776 [1] INFO Microsoft.Hosting.Lifetime - Hosting environment: Development
2021-09-29 12:14:51,776 [1] INFO Microsoft.Hosting.Lifetime - Hosting environment: Development
2021-09-29 12:14:51,778 [1] INFO Microsoft.Hosting.Lifetime - Content root path: C:\Users\msahi\OneDrive\Desktop\Comprehensive\webapi\OnlineBookStore\OnlineBookStore.API
2021-09-29 12:14:51,778 [1] INFO Microsoft.Hosting.Lifetime - Content root path: C:\Users\msahi\OneDrive\Desktop\Comprehensive\webapi\OnlineBookStore\OnlineBookStore.API
2021-09-29 12:14:54,811 [9] INFO OnlineBookStore.API.Controllers.UserController - Start : Fetching all users data
2021-09-29 12:14:54,812 [9] INFO OnlineBookStore.API.Controllers.UserController - Start : Fetching all users data
2021-09-29 12:15:01,755 [9] INFO OnlineBookStore.API.Controllers.UserController - End : Successfully Fetched all users data
2021-09-29 12:15:01,756 [9] INFO OnlineBookStore.API.Controllers.UserController - End : Successfully Fetched all users data
